D:\code\3sweep\server\Release\server.exe
D:\code\3sweep\server\Release\server.pdb
D:\code\3sweep\server\server\Release\cl.command.1.tlog
D:\code\3sweep\server\server\Release\CL.read.1.tlog
D:\code\3sweep\server\server\Release\CL.write.1.tlog
D:\code\3sweep\server\server\Release\link.command.1.tlog
D:\code\3sweep\server\server\Release\link.read.1.tlog
D:\code\3sweep\server\server\Release\link.write.1.tlog
D:\code\3sweep\server\server\Release\mt.command.1.tlog
D:\code\3sweep\server\server\Release\mt.read.1.tlog
D:\code\3sweep\server\server\Release\mt.write.1.tlog
D:\CODE\3SWEEP\SERVER\SERVER\RELEASE\SERVER.EXE
D:\code\3sweep\server\server\Release\server.exe.intermediate.manifest
D:\code\3sweep\server\server\Release\server.obj
D:\CODE\3SWEEP\SERVER\SERVER\RELEASE\SERVER.PCH
D:\CODE\3SWEEP\SERVER\SERVER\RELEASE\SERVER.PDB
D:\code\3sweep\server\server\Release\server.vcxprojResolveAssemblyReference.cache
D:\code\3sweep\server\server\Release\server.write.1.tlog
D:\CODE\3SWEEP\SERVER\SERVER\RELEASE\STDAFX.OBJ
D:\CODE\3SWEEP\SERVER\SERVER\RELEASE\VC100.PDB
D:\CODE\3SWEEP\SERVER\SERVER\SERVER\RELEASE\SERVER.EXE.INTERMEDIATE.MANIFEST
D:\CODE\3SWEEP\SERVER\SERVER\SERVER\RELEASE\SERVER.OBJ
D:\CODE\3SWEEP\SERVER\SERVER\SERVER\RELEASE\SERVER.PCH
D:\CODE\3SWEEP\SERVER\SERVER\SERVER\RELEASE\STDAFX.OBJ
D:\CODE\3SWEEP\SERVER\SERVER\SERVER\RELEASE\VC100.PDB
