生成启动时间为 2014/4/9 22:07:30。
     1>项目“D:\code\3sweep\server\server\server\server.vcxproj”在节点 2 上(build 个目标)。
     1>InitializeBuildStatus:
         正在对“Debug\server.unsuccessfulbuild”执行 Touch 任务。
       ClCompile:
         所有输出均为最新。
         C:\Program Files (x86)\Microsoft Visual Studio 10.0\VC\bin\CL.exe /c /ZI /nologo /W3 /WX- /Od /Oy- /D WIN32 /D _DEBUG /D _CONSOLE /D _UNICODE /D UNICODE /Gm /EHsc /RTC1 /MDd /GS /fp:precise /Zc:wchar_t /Zc:forScope /Yu"StdAfx.h" /Fp"Debug\server.pch" /Fo"Debug\\" /Fd"Debug\vc100.pdb" /Gd /TP /analyze- /errorReport:prompt server.cpp
         server.cpp
       ManifestResourceCompile:
         所有输出均为最新。
       Link:
         C:\Program Files (x86)\Microsoft Visual Studio 10.0\VC\bin\link.exe /ERRORREPORT:PROMPT /OUT:"D:\code\3sweep\server\server\Debug\server.exe" /INCREMENTAL /NOLOGO kernel32.lib user32.lib gdi32.lib winspool.lib comdlg32.lib advapi32.lib shell32.lib ole32.lib oleaut32.lib uuid.lib odbc32.lib odbccp32.lib /MANIFEST /ManifestFile:"Debug\server.exe.intermediate.manifest" /MANIFESTUAC:"level='asInvoker' uiAccess='false'" /DEBUG /PDB:"D:\code\3sweep\server\server\Debug\server.pdb" /SUBSYSTEM:CONSOLE /TLBID:1 /DYNAMICBASE /NXCOMPAT /IMPLIB:"D:\code\3sweep\server\server\Debug\server.lib" /MACHINE:X86 Debug\server.exe.embed.manifest.res
         Debug\server.obj
         Debug\stdafx.obj
     1>server.obj : error LNK2019: 无法解析的外部符号 __imp__recv@16，该符号在函数 "unsigned long __stdcall ClientThread(void *)" (?ClientThread@@YGKPAX@Z) 中被引用
     1>server.obj : error LNK2019: 无法解析的外部符号 __imp__WSACleanup@0，该符号在函数 _wmain 中被引用
     1>server.obj : error LNK2019: 无法解析的外部符号 __imp__closesocket@4，该符号在函数 _wmain 中被引用
     1>server.obj : error LNK2019: 无法解析的外部符号 __imp__inet_ntoa@4，该符号在函数 _wmain 中被引用
     1>server.obj : error LNK2019: 无法解析的外部符号 __imp__accept@12，该符号在函数 _wmain 中被引用
     1>server.obj : error LNK2019: 无法解析的外部符号 __imp__listen@8，该符号在函数 _wmain 中被引用
     1>server.obj : error LNK2019: 无法解析的外部符号 __imp__bind@12，该符号在函数 _wmain 中被引用
     1>server.obj : error LNK2019: 无法解析的外部符号 __imp__htons@4，该符号在函数 _wmain 中被引用
     1>server.obj : error LNK2019: 无法解析的外部符号 __imp__inet_addr@4，该符号在函数 _wmain 中被引用
     1>server.obj : error LNK2019: 无法解析的外部符号 __imp__socket@12，该符号在函数 _wmain 中被引用
     1>server.obj : error LNK2019: 无法解析的外部符号 __imp__WSAStartup@8，该符号在函数 _wmain 中被引用
     1>D:\code\3sweep\server\server\Debug\server.exe : fatal error LNK1120: 11 个无法解析的外部命令
     1>已完成生成项目“D:\code\3sweep\server\server\server\server.vcxproj”(build 个目标)的操作 - 失败。

生成失败。

已用时间 00:00:00.97
